0 verbose cli /usr/local/bin/node /usr/src/node-red/node_modules/.bin/npm
1 info using npm@8.14.0
2 info using node@v14.20.0
3 timing npm:load:whichnode Completed in 1ms
4 timing config:load:defaults Completed in 3ms
5 timing config:load:file:/usr/src/node-red/node_modules/npm/npmrc Completed in 1ms
6 timing config:load:builtin Completed in 3ms
7 timing config:load:cli Completed in 3ms
8 timing config:load:env Completed in 1ms
9 timing config:load:project Completed in 7ms
10 timing config:load:file:/usr/src/node-red/.npmrc Completed in 0ms
11 timing config:load:user Completed in 0ms
12 timing config:load:file:/usr/local/etc/npmrc Completed in 1ms
13 timing config:load:global Completed in 1ms
14 timing config:load:validate Completed in 1ms
15 timing config:load:credentials Completed in 2ms
16 timing config:load:setEnvs Completed in 2ms
17 timing config:load Completed in 25ms
18 timing npm:load:configload Completed in 25ms
19 timing npm:load:mkdirpcache Completed in 8ms
20 timing npm:load:mkdirplogs Completed in 5ms
21 verbose title npm start --userDir /data
22 verbose argv "--no-update-notifier" "--no-fund" "start" "--cache" "/data/.npm" "--" "--userDir" "/data"
23 timing npm:load:setTitle Completed in 4ms
24 timing config:load:flatten Completed in 6ms
25 timing npm:load:display Completed in 8ms
26 verbose logfile logs-max:10 dir:/data/.npm/_logs
27 verbose logfile /data/.npm/_logs/2022-07-27T13_09_31_662Z-debug-0.log
28 timing npm:load:logFile Completed in 31ms
29 timing npm:load:timers Completed in 0ms
30 timing npm:load:configScope Completed in 0ms
31 timing npm:load Completed in 85ms
32 silly logfile start cleaning logs, removing 2 files
33 silly logfile done cleaning log files
